2023-09-29T18:08:55.942+03:00  INFO 28468 --- [restartedMain] c.e.t.TheRepaintingGameWebApplication    : Starting TheRepaintingGameWebApplication using Java 20.0.1 with PID 28468 (C:\Users\user\DnlkkProjects\TheRepaintingGameWeb\repainting__API\target\classes started by user in C:\Users\user\DnlkkProjects\TheRepaintingGameWeb\repainting__API)
2023-09-29T18:08:55.967+03:00  INFO 28468 --- [restartedMain] c.e.t.TheRepaintingGameWebApplication    : No active profile set, falling back to 1 default profile: "default"
2023-09-29T18:08:56.174+03:00  INFO 28468 --- [restartedMain] .e.DevToolsPropertyDefaultsPostProcessor : Devtools property defaults active! Set 'spring.devtools.add-properties' to 'false' to disable
2023-09-29T18:08:56.174+03:00  INFO 28468 --- [restartedMain] .e.DevToolsPropertyDefaultsPostProcessor : For additional web related logging consider setting the 'logging.level.web' property to 'DEBUG'
2023-09-29T18:09:02.421+03:00  INFO 28468 --- [restartedMain] .s.d.r.c.RepositoryConfigurationDelegate : Bootstrapping Spring Data JPA repositories in DEFAULT mode.
2023-09-29T18:09:02.679+03:00  INFO 28468 --- [restartedMain] .s.d.r.c.RepositoryConfigurationDelegate : Finished Spring Data repository scanning in 233 ms. Found 6 JPA repository interfaces.
2023-09-29T18:09:05.678+03:00  INFO 28468 --- [restartedMain] o.s.b.w.embedded.tomcat.TomcatWebServer  : Tomcat initialized with port(s): 5000 (http)
2023-09-29T18:09:05.768+03:00  INFO 28468 --- [restartedMain] o.apache.catalina.core.StandardService   : Starting service [Tomcat]
2023-09-29T18:09:05.769+03:00  INFO 28468 --- [restartedMain] o.apache.catalina.core.StandardEngine    : Starting Servlet engine: [Apache Tomcat/10.1.10]
2023-09-29T18:09:06.016+03:00  INFO 28468 --- [restartedMain] o.a.c.c.C.[.[.[/api/repaint-game]        : Initializing Spring embedded WebApplicationContext
2023-09-29T18:09:06.017+03:00  INFO 28468 --- [restartedMain] w.s.c.ServletWebServerApplicationContext : Root WebApplicationContext: initialization completed in 9839 ms
2023-09-29T18:09:06.568+03:00  INFO 28468 --- [restartedMain] com.zaxxer.hikari.HikariDataSource       : HikariPool-1 - Starting...
2023-09-29T18:09:07.164+03:00  INFO 28468 --- [restartedMain] com.zaxxer.hikari.pool.HikariPool        : HikariPool-1 - Added connection org.postgresql.jdbc.PgConnection@44bcdf7a
2023-09-29T18:09:07.169+03:00  INFO 28468 --- [restartedMain] com.zaxxer.hikari.HikariDataSource       : HikariPool-1 - Start completed.
2023-09-29T18:09:07.297+03:00  INFO 28468 --- [restartedMain] o.hibernate.jpa.internal.util.LogHelper  : HHH000204: Processing PersistenceUnitInfo [name: default]
2023-09-29T18:09:07.634+03:00  INFO 28468 --- [restartedMain] org.hibernate.Version                    : HHH000412: Hibernate ORM core version 6.2.5.Final
2023-09-29T18:09:07.641+03:00  INFO 28468 --- [restartedMain] org.hibernate.cfg.Environment            : HHH000406: Using bytecode reflection optimizer
2023-09-29T18:09:08.265+03:00  INFO 28468 --- [restartedMain] o.h.b.i.BytecodeProviderInitiator        : HHH000021: Bytecode provider name : bytebuddy
2023-09-29T18:09:08.910+03:00  INFO 28468 --- [restartedMain] o.s.o.j.p.SpringPersistenceUnitInfo      : No LoadTimeWeaver setup: ignoring JPA class transformer
2023-09-29T18:09:10.335+03:00  WARN 28468 --- [restartedMain] o.h.b.model.internal.AnnotationBinder    : HHH000503: A class should not be annotated with both @Inheritance and @MappedSuperclass. @Inheritance will be ignored for: com.example.therepaintinggameweb.entities.Game.
2023-09-29T18:09:10.913+03:00  INFO 28468 --- [restartedMain] o.h.b.i.BytecodeProviderInitiator        : HHH000021: Bytecode provider name : bytebuddy
2023-09-29T18:09:13.264+03:00  INFO 28468 --- [restartedMain] o.h.e.t.j.p.i.JtaPlatformInitiator       : HHH000490: Using JtaPlatform implementation: [org.hibernate.engine.transaction.jta.platform.internal.NoJtaPlatform]
2023-09-29T18:09:13.284+03:00  INFO 28468 --- [restartedMain] j.LocalContainerEntityManagerFactoryBean : Initialized JPA EntityManagerFactory for persistence unit 'default'
2023-09-29T18:09:21.744+03:00  INFO 28468 --- [restartedMain] o.s.d.j.r.query.QueryEnhancerFactory     : Hibernate is in classpath; If applicable, HQL parser will be used.
2023-09-29T18:09:23.518+03:00  WARN 28468 --- [restartedMain] JpaBaseConfiguration$JpaWebConfiguration : spring.jpa.open-in-view is enabled by default. Therefore, database queries may be performed during view rendering. Explicitly configure spring.jpa.open-in-view to disable this warning
2023-09-29T18:09:24.643+03:00  INFO 28468 --- [restartedMain] o.s.s.web.DefaultSecurityFilterChain     : Will secure any request with [org.springframework.security.web.session.DisableEncodeUrlFilter@24154674, org.springframework.security.web.context.request.async.WebAsyncManagerIntegrationFilter@6f584d4d, org.springframework.security.web.context.SecurityContextHolderFilter@3292f86d, org.springframework.security.web.header.HeaderWriterFilter@5b7331b5, org.springframework.web.filter.CorsFilter@6be18c91, org.springframework.security.web.authentication.logout.LogoutFilter@76240627, org.springframework.security.oauth2.server.resource.web.authentication.BearerTokenAuthenticationFilter@1eb351d6, org.springframework.security.web.savedrequest.RequestCacheAwareFilter@4b9ddd38, org.springframework.security.web.servletapi.SecurityContextHolderAwareRequestFilter@57a0e7a1, org.springframework.security.web.authentication.AnonymousAuthenticationFilter@1805f94b, org.springframework.security.web.session.SessionManagementFilter@1c56b024, org.springframework.security.web.access.ExceptionTranslationFilter@5cc6ad37, org.springframework.security.web.access.intercept.AuthorizationFilter@77ecc24d]
2023-09-29T18:09:25.638+03:00  WARN 28468 --- [restartedMain] o.s.b.d.a.OptionalLiveReloadServer       : Unable to start LiveReload server
2023-09-29T18:09:25.727+03:00  INFO 28468 --- [restartedMain] o.s.b.w.embedded.tomcat.TomcatWebServer  : Tomcat started on port(s): 5000 (http) with context path '/api/repaint-game'
2023-09-29T18:09:25.771+03:00  INFO 28468 --- [restartedMain] c.e.t.TheRepaintingGameWebApplication    : Started TheRepaintingGameWebApplication in 31.682 seconds (process running for 39.737)
2023-09-29T19:58:52.229+03:00  INFO 28468 --- [http-nio-5000-exec-1] o.a.c.c.C.[.[.[/api/repaint-game]        : Initializing Spring DispatcherServlet 'dispatcherServlet'
2023-09-29T19:58:52.233+03:00  INFO 28468 --- [http-nio-5000-exec-1] o.s.web.servlet.DispatcherServlet        : Initializing Servlet 'dispatcherServlet'
2023-09-29T19:58:52.252+03:00  INFO 28468 --- [http-nio-5000-exec-1] o.s.web.servlet.DispatcherServlet        : Completed initialization in 18 ms
2023-09-29T23:34:45.728+03:00  INFO 28468 --- [SpringApplicationShutdownHook] j.LocalContainerEntityManagerFactoryBean : Closing JPA EntityManagerFactory for persistence unit 'default'
2023-09-29T23:34:45.747+03:00  INFO 28468 --- [SpringApplicationShutdownHook] com.zaxxer.hikari.HikariDataSource       : HikariPool-1 - Shutdown initiated...
2023-09-29T23:34:45.755+03:00  INFO 28468 --- [SpringApplicationShutdownHook] com.zaxxer.hikari.HikariDataSource       : HikariPool-1 - Shutdown completed.
